app/manifest-merger-release-report.txt
-- Merging decision tree log ---
manifest
ADDED from AndroidManifest.xml:13:1
	package
		ADDED from AndroidManifest.xml:14:5
		INJECTED from AndroidManifest.xml:0:0
		INJECTED from AndroidManifest.xml:0:0
	android:versionName
		ADDED from AndroidManifest.xml:16:5
		INJECTED from AndroidManifest.xml:0:0
		INJECTED from AndroidManifest.xml:0:0
	android:versionCode
		ADDED from AndroidManifest.xml:15:5
		INJECTED from AndroidManifest.xml:0:0
		INJECTED from AndroidManifest.xml:0:0
	xmlns:android
		ADDED from AndroidManifest.xml:13:11
uses-feature#android.hardware.location
ADDED from AndroidManifest.xml:18:5
	android:required
		ADDED from AndroidManifest.xml:18:60
	android:name
		ADDED from AndroidManifest.xml:18:19
uses-feature#android.hardware.location.network
ADDED from AndroidManifest.xml:19:5
	android:required
		ADDED from AndroidManifest.xml:19:68
	android:name
		ADDED from AndroidManifest.xml:19:19
uses-feature#android.hardware.location.gps
ADDED from AndroidManifest.xml:20:5
	android:required
		ADDED from AndroidManifest.xml:20:64
	android:name
		ADDED from AndroidManifest.xml:20:19
uses-feature#android.hardware.telephony
ADDED from AndroidManifest.xml:22:5
	android:required
		ADDED from AndroidManifest.xml:22:61
	android:name
		ADDED from AndroidManifest.xml:22:19
uses-feature#android.hardware.wifi
ADDED from AndroidManifest.xml:23:5
	android:required
		ADDED from AndroidManifest.xml:23:56
	android:name
		ADDED from AndroidManifest.xml:23:19
uses-permission#android.permission.READ_PHONE_STATE
ADDED from AndroidManifest.xml:25:5
	android:name
		ADDED from AndroidManifest.xml:25:22
uses-permission#android.permission.ACCESS_WIFI_STATE
ADDED from AndroidManifest.xml:26:5
	android:name
		ADDED from AndroidManifest.xml:26:22
uses-permission#android.permission.INTERNET
ADDED from AndroidManifest.xml:27:5
	android:name
		ADDED from AndroidManifest.xml:27:22
uses-permission#android.permission.ACCESS_FINE_LOCATION
ADDED from AndroidManifest.xml:28:5
	android:name
		ADDED from AndroidManifest.xml:28:22
uses-permission#android.permission.ACCESS_COARSE_LOCATION
ADDED from AndroidManifest.xml:29:5
	android:name
		ADDED from AndroidManifest.xml:29:22
uses-permission#android.permission.READ_EXTERNAL_STORAGE
ADDED from AndroidManifest.xml:30:5
	android:name
		ADDED from AndroidManifest.xml:30:22
uses-permission#android.permission.WRITE_EXTERNAL_STORAGE
ADDED from AndroidManifest.xml:31:5
	android:name
		ADDED from AndroidManifest.xml:31:22
uses-permission#android.permission.GET_ACCOUNTS
ADDED from AndroidManifest.xml:32:5
	android:name
		ADDED from AndroidManifest.xml:32:22
uses-permission#android.permission.USE_CREDENTIALS
ADDED from AndroidManifest.xml:33:5
	android:name
		ADDED from AndroidManifest.xml:33:22
uses-permission#android.permission.ACCESS_NETWORK_STATE
ADDED from AndroidManifest.xml:34:5
	android:name
		ADDED from AndroidManifest.xml:34:22
uses-permission#com.google.android.providers.gsf.permission.READ_GSERVICES
ADDED from AndroidManifest.xml:48:5
	android:name
		ADDED from AndroidManifest.xml:48:22
uses-sdk
ADDED from AndroidManifest.xml:50:5
MERGED from com.android.support:appcompat-v7:21.0.3:15:5
MERGED from com.android.support:support-v4:21.0.3:15:5
MERGED from com.google.android.gms:play-services:6.5.87:18:5
MERGED from com.android.support:support-v4:21.0.3:15:5
	android:targetSdkVersion
		ADDED from AndroidManifest.xml:52:9
		INJECTED from AndroidManifest.xml:0:0
		INJECTED from AndroidManifest.xml:0:0
	android:minSdkVersion
		ADDED from AndroidManifest.xml:51:9
		INJECTED from AndroidManifest.xml:0:0
		INJECTED from AndroidManifest.xml:0:0
supports-screens
ADDED from AndroidManifest.xml:54:5
	android:largeScreens
		ADDED from AndroidManifest.xml:56:9
	android:smallScreens
		ADDED from AndroidManifest.xml:59:9
	android:normalScreens
		ADDED from AndroidManifest.xml:57:9
	android:xlargeScreens
		ADDED from AndroidManifest.xml:60:9
	android:resizeable
		ADDED from AndroidManifest.xml:58:9
	android:anyDensity
		ADDED from AndroidManifest.xml:55:9
application
ADDED from AndroidManifest.xml:62:5
MERGED from com.android.support:appcompat-v7:21.0.3:16:5
MERGED from com.android.support:support-v4:21.0.3:16:5
MERGED from com.google.android.gms:play-services:6.5.87:20:5
MERGED from com.android.support:support-v4:21.0.3:16:5
	android:label
		ADDED from AndroidManifest.xml:65:9
	android:icon
		ADDED from AndroidManifest.xml:64:9
	android:largeHeap
		ADDED from AndroidManifest.xml:66:9
	android:theme
		ADDED from AndroidManifest.xml:67:9
	android:name
		ADDED from AndroidManifest.xml:63:9
provider#com.geoodk.collect.android.provider.FormsProvider
ADDED from AndroidManifest.xml:68:9
	android:authorities
		ADDED from AndroidManifest.xml:70:13
	android:exported
		ADDED from AndroidManifest.xml:71:13
	android:name
		ADDED from AndroidManifest.xml:69:13
provider#com.geoodk.collect.android.provider.InstanceProvider
ADDED from AndroidManifest.xml:72:9
	android:authorities
		ADDED from AndroidManifest.xml:74:13
	android:exported
		ADDED from AndroidManifest.xml:75:13
	android:name
		ADDED from AndroidManifest.xml:73:13
activity#com.geoodk.collect.android.activities.GeoODKClassicActivity
ADDED from AndroidManifest.xml:77:9
	android:label
		ADDED from AndroidManifest.xml:80:13
	android:configChanges
		ADDED from AndroidManifest.xml:79:13
	android:uiOptions
		ADDED from AndroidManifest.xml:81:13
	android:name
		ADDED from AndroidManifest.xml:78:13
meta-data#android.support.UI_OPTIONS
ADDED from AndroidManifest.xml:82:13
	android:value
		ADDED from AndroidManifest.xml:83:17
	android:name
		ADDED from AndroidManifest.xml:82:24
activity#com.geoodk.collect.android.activities.GeoODKMapThemeActivity
ADDED from AndroidManifest.xml:87:9
	android:label
		ADDED from AndroidManifest.xml:90:13
	android:configChanges
		ADDED from AndroidManifest.xml:89:13
	android:uiOptions
		ADDED from AndroidManifest.xml:91:13
	android:name
		ADDED from AndroidManifest.xml:88:13
activity#com.geoodk.collect.android.activities.MainMenuActivity
ADDED from AndroidManifest.xml:96:9
	android:label
		ADDED from AndroidManifest.xml:99:13
	android:configChanges
		ADDED from AndroidManifest.xml:98:13
	android:name
		ADDED from AndroidManifest.xml:97:13
activity#com.geoodk.collect.android.activities.FormEntryActivity
ADDED from AndroidManifest.xml:101:9
	android:label
		ADDED from AndroidManifest.xml:104:13
	android:windowSoftInputMode
		ADDED from AndroidManifest.xml:105:13
	android:configChanges
		ADDED from AndroidManifest.xml:103:13
	android:name
		ADDED from AndroidManifest.xml:102:13
intent-filter#android.intent.action.EDIT+android.intent.action.VIEW+android.intent.category.DEFAULT
ADDED from AndroidManifest.xml:106:13
action#android.intent.action.VIEW
ADDED from AndroidManifest.xml:107:17
	android:name
		ADDED from AndroidManifest.xml:107:25
action#android.intent.action.EDIT
ADDED from AndroidManifest.xml:108:17
	android:name
		ADDED from AndroidManifest.xml:108:25
category#android.intent.category.DEFAULT
ADDED from AndroidManifest.xml:110:17
	android:name
		ADDED from AndroidManifest.xml:110:27
data
ADDED from AndroidManifest.xml:112:17
	android:mimeType
		ADDED from AndroidManifest.xml:112:23
activity#com.geoodk.collect.android.activities.NotificationActivity
ADDED from AndroidManifest.xml:116:9
	android:label
		ADDED from AndroidManifest.xml:118:13
	android:excludeFromRecents
		ADDED from AndroidManifest.xml:121:13
	android:launchMode
		ADDED from AndroidManifest.xml:120:13
	android:taskAffinity
		ADDED from AndroidManifest.xml:119:13
	android:name
		ADDED from AndroidManifest.xml:117:13
activity#com.geoodk.collect.android.activities.DrawActivity
ADDED from AndroidManifest.xml:123:9
	android:label
		ADDED from AndroidManifest.xml:125:13
	android:name
		ADDED from AndroidManifest.xml:124:13
activity#com.geoodk.collect.android.activities.InstanceChooserList
ADDED from AndroidManifest.xml:126:9
	android:label
		ADDED from AndroidManifest.xml:128:13
	android:name
		ADDED from AndroidManifest.xml:127:13
activity#com.geoodk.collect.android.activities.InstanceChooserTabs
ADDED from AndroidManifest.xml:139:9
	android:label
		ADDED from AndroidManifest.xml:141:13
	android:name
		ADDED from AndroidManifest.xml:140:13
activity#com.geoodk.collect.android.activities.FormChooserList
ADDED from AndroidManifest.xml:142:9
	android:label
		ADDED from AndroidManifest.xml:144:13
	android:name
		ADDED from AndroidManifest.xml:143:13
intent-filter#android.intent.action.EDIT+android.intent.action.PICK+android.intent.action.VIEW+android.intent.category.DEFAULT
ADDED from AndroidManifest.xml:145:13
action#android.intent.action.PICK
ADDED from AndroidManifest.xml:148:17
	android:name
		ADDED from AndroidManifest.xml:148:25
activity#com.geoodk.collect.android.activities.FormManagerList
ADDED from AndroidManifest.xml:155:9
	android:label
		ADDED from AndroidManifest.xml:157:13
	android:name
		ADDED from AndroidManifest.xml:156:13
activity#com.geoodk.collect.android.activities.FormDownloadList
ADDED from AndroidManifest.xml:158:9
	android:label
		ADDED from AndroidManifest.xml:160:13
	android:name
		ADDED from AndroidManifest.xml:159:13
activity#com.geoodk.collect.android.activities.DataManagerList
ADDED from AndroidManifest.xml:161:9
	android:label
		ADDED from AndroidManifest.xml:163:13
	android:name
		ADDED from AndroidManifest.xml:162:13
activity#com.geoodk.collect.android.activities.FileManagerTabs
ADDED from AndroidManifest.xml:164:9
	android:label
		ADDED from AndroidManifest.xml:166:13
	android:name
		ADDED from AndroidManifest.xml:165:13
activity#com.geoodk.collect.android.activities.InstanceUploaderList
ADDED from AndroidManifest.xml:170:9
	android:label
		ADDED from AndroidManifest.xml:172:13
	android:name
		ADDED from AndroidManifest.xml:171:13
activity#com.geoodk.collect.android.activities.InstanceUploaderActivity
ADDED from AndroidManifest.xml:180:9
	android:label
		ADDED from AndroidManifest.xml:182:13
	android:name
		ADDED from AndroidManifest.xml:181:13
activity#com.geoodk.collect.android.preferences.PreferencesActivity
ADDED from AndroidManifest.xml:183:9
	android:label
		ADDED from AndroidManifest.xml:185:13
	android:name
		ADDED from AndroidManifest.xml:184:13
activity#com.geoodk.collect.android.preferences.AdminPreferencesActivity
ADDED from AndroidManifest.xml:186:9
	android:label
		ADDED from AndroidManifest.xml:188:13
	android:name
		ADDED from AndroidManifest.xml:187:13
activity#com.geoodk.collect.android.preferences.OtherPreferencesActivity
ADDED from AndroidManifest.xml:189:9
	android:label
		ADDED from AndroidManifest.xml:191:13
	android:name
		ADDED from AndroidManifest.xml:190:13
activity#com.geoodk.collect.android.preferences.MapSettings
ADDED from AndroidManifest.xml:192:2
	android:label
		ADDED from AndroidManifest.xml:194:13
	android:name
		ADDED from AndroidManifest.xml:193:13
activity#com.geoodk.collect.android.preferences.AggregatePreferencesActivity
ADDED from AndroidManifest.xml:195:9
	android:label
		ADDED from AndroidManifest.xml:197:13
	android:name
		ADDED from AndroidManifest.xml:196:13
activity#com.geoodk.collect.android.activities.FormHierarchyActivity
ADDED from AndroidManifest.xml:198:2
	android:label
		ADDED from AndroidManifest.xml:200:13
	android:name
		ADDED from AndroidManifest.xml:199:13
activity#com.geoodk.collect.android.activities.GeoPointMapNewActivity
ADDED from AndroidManifest.xml:201:2
	android:label
		ADDED from AndroidManifest.xml:204:13
	android:configChanges
		ADDED from AndroidManifest.xml:203:13
	android:name
		ADDED from AndroidManifest.xml:202:13
activity#com.geoodk.collect.android.activities.GeoPointActivity
ADDED from AndroidManifest.xml:205:9
	android:label
		ADDED from AndroidManifest.xml:207:13
	android:name
		ADDED from AndroidManifest.xml:206:13
activity#com.geoodk.collect.android.activities.GeoPointMapActivity
ADDED from AndroidManifest.xml:208:9
	android:label
		ADDED from AndroidManifest.xml:210:13
	android:name
		ADDED from AndroidManifest.xml:209:13
activity#com.geoodk.collect.android.activities.GeoPointMapActivitySdk7
ADDED from AndroidManifest.xml:211:9
	android:label
		ADDED from AndroidManifest.xml:213:13
	android:name
		ADDED from AndroidManifest.xml:212:13
activity#com.geoodk.collect.android.activities.BearingActivity
ADDED from AndroidManifest.xml:214:9
	android:label
		ADDED from AndroidManifest.xml:216:13
	android:name
		ADDED from AndroidManifest.xml:215:13
activity#com.geoodk.collect.android.activities.SplashScreenActivity
ADDED from AndroidManifest.xml:217:9
	android:label
		ADDED from AndroidManifest.xml:219:13
	android:theme
		ADDED from AndroidManifest.xml:220:13
	android:name
		ADDED from AndroidManifest.xml:218:13
intent-filter#android.intent.action.MAIN+android.intent.category.DEFAULT+android.intent.category.LAUNCHER
ADDED from AndroidManifest.xml:221:13
action#android.intent.action.MAIN
ADDED from AndroidManifest.xml:222:17
	android:name
		ADDED from AndroidManifest.xml:222:25
category#android.intent.category.LAUNCHER
ADDED from AndroidManifest.xml:225:17
	android:name
		ADDED from AndroidManifest.xml:225:27
activity#com.geoodk.collect.android.activities.AndroidShortcuts
ADDED from AndroidManifest.xml:229:9
	android:label
		ADDED from AndroidManifest.xml:231:13
	android:theme
		ADDED from AndroidManifest.xml:232:13
	android:name
		ADDED from AndroidManifest.xml:230:13
intent-filter#android.intent.action.CREATE_SHORTCUT+android.intent.category.DEFAULT
ADDED from AndroidManifest.xml:233:13
action#android.intent.action.CREATE_SHORTCUT
ADDED from AndroidManifest.xml:234:17
	android:name
		ADDED from AndroidManifest.xml:234:25
receiver#com.geoodk.collect.android.receivers.NetworkReceiver
ADDED from AndroidManifest.xml:240:9
	android:enabled
		ADDED from AndroidManifest.xml:242:13
	android:name
		ADDED from AndroidManifest.xml:241:13
intent-filter#android.net.conn.CONNECTIVITY_CHANGE
ADDED from AndroidManifest.xml:243:13
action#android.net.conn.CONNECTIVITY_CHANGE
ADDED from AndroidManifest.xml:244:17
	android:name
		ADDED from AndroidManifest.xml:244:25
intent-filter#com.geoodk.collect.android.FormSaved
ADDED from AndroidManifest.xml:246:13
action#com.geoodk.collect.android.FormSaved
ADDED from AndroidManifest.xml:247:17
	android:name
		ADDED from AndroidManifest.xml:247:25
meta-data#com.google.android.maps.v2.API_KEY
ADDED from AndroidManifest.xml:251:9
	android:value
		ADDED from AndroidManifest.xml:253:13
	android:name
		ADDED from AndroidManifest.xml:252:13
uses-library#com.google.android.maps
ADDED from AndroidManifest.xml:255:9
	android:required
		ADDED from AndroidManifest.xml:257:13
	android:name
		ADDED from AndroidManifest.xml:256:13
activity#com.geoodk.collect.android.activities.GeoODKMainMapActivity
ADDED from AndroidManifest.xml:259:9
	android:label
		ADDED from AndroidManifest.xml:262:13
	android:configChanges
		ADDED from AndroidManifest.xml:261:13
	android:name
		ADDED from AndroidManifest.xml:260:13
activity#com.geoodk.collect.android.activities.MainSettingsActivity
ADDED from AndroidManifest.xml:264:9
	android:label
		ADDED from AndroidManifest.xml:266:13
	android:name
		ADDED from AndroidManifest.xml:265:13
activity#com.geoodk.collect.android.activities.GeoShapeActivity
ADDED from AndroidManifest.xml:268:9
	android:label
		ADDED from AndroidManifest.xml:271:13
	android:configChanges
		ADDED from AndroidManifest.xml:270:13
	android:name
		ADDED from AndroidManifest.xml:269:13
activity#com.geoodk.collect.android.activities.GeoTraceActivity
ADDED from AndroidManifest.xml:273:9
	android:label
		ADDED from AndroidManifest.xml:276:13
	android:configChanges
		ADDED from AndroidManifest.xml:275:13
	android:name
		ADDED from AndroidManifest.xml:274:13
activity#com.geoodk.collect.android.activities.GeoODKOptionActivity
ADDED from AndroidManifest.xml:279:9
	android:label
		ADDED from AndroidManifest.xml:282:13
	android:configChanges
		ADDED from AndroidManifest.xml:281:13
	android:name
		ADDED from AndroidManifest.xml:280:13
meta-data#com.google.android.gms.version
ADDED from com.google.android.gms:play-services:6.5.87:21:9
	android:value
		ADDED from com.google.android.gms:play-services:6.5.87:23:13
	android:name
		ADDED from com.google.android.gms:play-services:6.5.87:22:13